Performing C++ SOURCE FILE Test flag_supported failed with the following output:
Change Dir: /home/parallels/WORK/ASVK4/FunctionsTask/build/CMakeFiles/CMakeTmp

Run Build Command:"/usr/bin/make" "cmTC_9d494/fast"
/usr/bin/make -f CMakeFiles/cmTC_9d494.dir/build.make CMakeFiles/cmTC_9d494.dir/build
make[1]: Entering directory '/home/parallels/WORK/ASVK4/FunctionsTask/build/CMakeFiles/CMakeTmp'
Building CXX object CMakeFiles/cmTC_9d494.dir/src.cxx.o
/usr/bin/c++    -Wall -std=c++17 -pthread -O3 -Dflag_supported   -Wno-error=deprecated-copy -std=gnu++1z -o CMakeFiles/cmTC_9d494.dir/src.cxx.o -c /home/parallels/WORK/ASVK4/FunctionsTask/build/CMakeFiles/CMakeTmp/src.cxx
cc1plus: error: -Werror=deprecated-copy: no option -Wdeprecated-copy
CMakeFiles/cmTC_9d494.dir/build.make:65: recipe for target 'CMakeFiles/cmTC_9d494.dir/src.cxx.o' failed
make[1]: *** [CMakeFiles/cmTC_9d494.dir/src.cxx.o] Error 1
make[1]: Leaving directory '/home/parallels/WORK/ASVK4/FunctionsTask/build/CMakeFiles/CMakeTmp'
Makefile:126: recipe for target 'cmTC_9d494/fast' failed
make: *** [cmTC_9d494/fast] Error 2

Source file was:
int main() { return 0; }
Performing C++ SOURCE FILE Test flag_supported failed with the following output:
Change Dir: /home/parallels/WORK/ASVK4/FunctionsTask/build/CMakeFiles/CMakeTmp

Run Build Command:"/usr/bin/make" "cmTC_359f2/fast"
/usr/bin/make -f CMakeFiles/cmTC_359f2.dir/build.make CMakeFiles/cmTC_359f2.dir/build
make[1]: Entering directory '/home/parallels/WORK/ASVK4/FunctionsTask/build/CMakeFiles/CMakeTmp'
Building CXX object CMakeFiles/cmTC_359f2.dir/src.cxx.o
/usr/bin/c++    -Wall -std=c++17 -pthread -O3 -Dflag_supported   -Wno-error=deprecated-copy -std=gnu++1z -o CMakeFiles/cmTC_359f2.dir/src.cxx.o -c /home/parallels/WORK/ASVK4/FunctionsTask/build/CMakeFiles/CMakeTmp/src.cxx
cc1plus: error: -Werror=deprecated-copy: no option -Wdeprecated-copy
CMakeFiles/cmTC_359f2.dir/build.make:65: recipe for target 'CMakeFiles/cmTC_359f2.dir/src.cxx.o' failed
make[1]: *** [CMakeFiles/cmTC_359f2.dir/src.cxx.o] Error 1
make[1]: Leaving directory '/home/parallels/WORK/ASVK4/FunctionsTask/build/CMakeFiles/CMakeTmp'
Makefile:126: recipe for target 'cmTC_359f2/fast' failed
make: *** [cmTC_359f2/fast] Error 2

Source file was:
int main() { return 0; }
Determining if the pthread_create exist failed with the following output:
Change Dir: /home/parallels/WORK/ASVK4/FunctionsTask/build/CMakeFiles/CMakeTmp

Run Build Command:"/usr/bin/make" "cmTC_e13a2/fast"
/usr/bin/make -f CMakeFiles/cmTC_e13a2.dir/build.make CMakeFiles/cmTC_e13a2.dir/build
make[1]: Entering directory '/home/parallels/WORK/ASVK4/FunctionsTask/build/CMakeFiles/CMakeTmp'
Building C object CMakeFiles/cmTC_e13a2.dir/CheckSymbolExists.c.o
/usr/bin/cc    -o CMakeFiles/cmTC_e13a2.dir/CheckSymbolExists.c.o   -c /home/parallels/WORK/ASVK4/FunctionsTask/build/CMakeFiles/CMakeTmp/CheckSymbolExists.c
Linking C executable cmTC_e13a2
/usr/bin/cmake -E cmake_link_script CMakeFiles/cmTC_e13a2.dir/link.txt --verbose=1
/usr/bin/cc      CMakeFiles/cmTC_e13a2.dir/CheckSymbolExists.c.o  -o cmTC_e13a2 
CMakeFiles/cmTC_e13a2.dir/CheckSymbolExists.c.o: In function `main':
CheckSymbolExists.c:(.text+0x1b): undefined reference to `pthread_create'
collect2: error: ld returned 1 exit status
CMakeFiles/cmTC_e13a2.dir/build.make:97: recipe for target 'cmTC_e13a2' failed
make[1]: *** [cmTC_e13a2] Error 1
make[1]: Leaving directory '/home/parallels/WORK/ASVK4/FunctionsTask/build/CMakeFiles/CMakeTmp'
Makefile:126: recipe for target 'cmTC_e13a2/fast' failed
make: *** [cmTC_e13a2/fast] Error 2

File /home/parallels/WORK/ASVK4/FunctionsTask/build/CMakeFiles/CMakeTmp/CheckSymbolExists.c:
/* */
#include <pthread.h>

int main(int argc, char** argv)
{
  (void)argv;
#ifndef pthread_create
  return ((int*)(&pthread_create))[argc];
#else
  (void)argc;
  return 0;
#endif
}

Determining if the function pthread_create exists in the pthreads failed with the following output:
Change Dir: /home/parallels/WORK/ASVK4/FunctionsTask/build/CMakeFiles/CMakeTmp

Run Build Command:"/usr/bin/make" "cmTC_10cfd/fast"
/usr/bin/make -f CMakeFiles/cmTC_10cfd.dir/build.make CMakeFiles/cmTC_10cfd.dir/build
make[1]: Entering directory '/home/parallels/WORK/ASVK4/FunctionsTask/build/CMakeFiles/CMakeTmp'
Building C object CMakeFiles/cmTC_10cfd.dir/CheckFunctionExists.c.o
/usr/bin/cc   -DCHECK_FUNCTION_EXISTS=pthread_create   -o CMakeFiles/cmTC_10cfd.dir/CheckFunctionExists.c.o   -c /usr/share/cmake-3.10/Modules/CheckFunctionExists.c
Linking C executable cmTC_10cfd
/usr/bin/cmake -E cmake_link_script CMakeFiles/cmTC_10cfd.dir/link.txt --verbose=1
/usr/bin/cc  -DCHECK_FUNCTION_EXISTS=pthread_create    CMakeFiles/cmTC_10cfd.dir/CheckFunctionExists.c.o  -o cmTC_10cfd -lpthreads 
/usr/bin/ld: cannot find -lpthreads
collect2: error: ld returned 1 exit status
CMakeFiles/cmTC_10cfd.dir/build.make:97: recipe for target 'cmTC_10cfd' failed
make[1]: *** [cmTC_10cfd] Error 1
make[1]: Leaving directory '/home/parallels/WORK/ASVK4/FunctionsTask/build/CMakeFiles/CMakeTmp'
Makefile:126: recipe for target 'cmTC_10cfd/fast' failed
make: *** [cmTC_10cfd/fast] Error 2


Performing C++ SOURCE FILE Test flag_supported failed with the following output:
Change Dir: /home/parallels/WORK/ASVK4/FunctionsTask/build/CMakeFiles/CMakeTmp

Run Build Command:"/usr/bin/make" "cmTC_b4496/fast"
/usr/bin/make -f CMakeFiles/cmTC_b4496.dir/build.make CMakeFiles/cmTC_b4496.dir/build
make[1]: Entering directory '/home/parallels/WORK/ASVK4/FunctionsTask/build/CMakeFiles/CMakeTmp'
Building CXX object CMakeFiles/cmTC_b4496.dir/src.cxx.o
/usr/bin/c++    -Wall -std=c++17 -pthread -O3 -Dflag_supported   -Wno-error=deprecated-copy -std=gnu++1z -o CMakeFiles/cmTC_b4496.dir/src.cxx.o -c /home/parallels/WORK/ASVK4/FunctionsTask/build/CMakeFiles/CMakeTmp/src.cxx
cc1plus: error: -Werror=deprecated-copy: no option -Wdeprecated-copy
CMakeFiles/cmTC_b4496.dir/build.make:65: recipe for target 'CMakeFiles/cmTC_b4496.dir/src.cxx.o' failed
make[1]: *** [CMakeFiles/cmTC_b4496.dir/src.cxx.o] Error 1
make[1]: Leaving directory '/home/parallels/WORK/ASVK4/FunctionsTask/build/CMakeFiles/CMakeTmp'
Makefile:126: recipe for target 'cmTC_b4496/fast' failed
make: *** [cmTC_b4496/fast] Error 2

Source file was:
int main() { return 0; }
Performing C++ SOURCE FILE Test flag_supported failed with the following output:
Change Dir: /home/parallels/WORK/ASVK4/FunctionsTask/build/CMakeFiles/CMakeTmp

Run Build Command:"/usr/bin/make" "cmTC_3c442/fast"
/usr/bin/make -f CMakeFiles/cmTC_3c442.dir/build.make CMakeFiles/cmTC_3c442.dir/build
make[1]: Entering directory '/home/parallels/WORK/ASVK4/FunctionsTask/build/CMakeFiles/CMakeTmp'
Building CXX object CMakeFiles/cmTC_3c442.dir/src.cxx.o
/usr/bin/c++    -Wall -std=c++17 -pthread -O3 -Dflag_supported   -Wno-error=deprecated-copy -std=gnu++1z -o CMakeFiles/cmTC_3c442.dir/src.cxx.o -c /home/parallels/WORK/ASVK4/FunctionsTask/build/CMakeFiles/CMakeTmp/src.cxx
cc1plus: error: -Werror=deprecated-copy: no option -Wdeprecated-copy
CMakeFiles/cmTC_3c442.dir/build.make:65: recipe for target 'CMakeFiles/cmTC_3c442.dir/src.cxx.o' failed
make[1]: *** [CMakeFiles/cmTC_3c442.dir/src.cxx.o] Error 1
make[1]: Leaving directory '/home/parallels/WORK/ASVK4/FunctionsTask/build/CMakeFiles/CMakeTmp'
Makefile:126: recipe for target 'cmTC_3c442/fast' failed
make: *** [cmTC_3c442/fast] Error 2

Source file was:
int main() { return 0; }
Performing C++ SOURCE FILE Test flag_supported failed with the following output:
Change Dir: /home/parallels/WORK/ASVK4/FunctionsTask/build/CMakeFiles/CMakeTmp

Run Build Command:"/usr/bin/make" "cmTC_2d9c6/fast"
make[1]: Entering directory '/home/parallels/WORK/ASVK4/FunctionsTask/build/CMakeFiles/CMakeTmp'
/usr/bin/make -f CMakeFiles/cmTC_2d9c6.dir/build.make CMakeFiles/cmTC_2d9c6.dir/build
make[2]: Entering directory '/home/parallels/WORK/ASVK4/FunctionsTask/build/CMakeFiles/CMakeTmp'
Building CXX object CMakeFiles/cmTC_2d9c6.dir/src.cxx.o
/usr/bin/c++    -Wall -std=c++17 -pthread -O3 -Dflag_supported   -Wno-error=deprecated-copy -std=gnu++1z -o CMakeFiles/cmTC_2d9c6.dir/src.cxx.o -c /home/parallels/WORK/ASVK4/FunctionsTask/build/CMakeFiles/CMakeTmp/src.cxx
cc1plus: error: -Werror=deprecated-copy: no option -Wdeprecated-copy
CMakeFiles/cmTC_2d9c6.dir/build.make:65: recipe for target 'CMakeFiles/cmTC_2d9c6.dir/src.cxx.o' failed
make[2]: *** [CMakeFiles/cmTC_2d9c6.dir/src.cxx.o] Error 1
make[2]: Leaving directory '/home/parallels/WORK/ASVK4/FunctionsTask/build/CMakeFiles/CMakeTmp'
Makefile:126: recipe for target 'cmTC_2d9c6/fast' failed
make[1]: *** [cmTC_2d9c6/fast] Error 2
make[1]: Leaving directory '/home/parallels/WORK/ASVK4/FunctionsTask/build/CMakeFiles/CMakeTmp'

Source file was:
int main() { return 0; }
Performing C++ SOURCE FILE Test flag_supported failed with the following output:
Change Dir: /home/parallels/WORK/ASVK4/FunctionsTask/build/CMakeFiles/CMakeTmp

Run Build Command:"/usr/bin/make" "cmTC_f7936/fast"
/usr/bin/make -f CMakeFiles/cmTC_f7936.dir/build.make CMakeFiles/cmTC_f7936.dir/build
make[1]: Entering directory '/home/parallels/WORK/ASVK4/FunctionsTask/build/CMakeFiles/CMakeTmp'
Building CXX object CMakeFiles/cmTC_f7936.dir/src.cxx.o
/usr/bin/c++    -Wall -std=c++17 -pthread -O3 -Dflag_supported   -Wno-error=deprecated-copy -std=gnu++1z -o CMakeFiles/cmTC_f7936.dir/src.cxx.o -c /home/parallels/WORK/ASVK4/FunctionsTask/build/CMakeFiles/CMakeTmp/src.cxx
cc1plus: error: -Werror=deprecated-copy: no option -Wdeprecated-copy
CMakeFiles/cmTC_f7936.dir/build.make:65: recipe for target 'CMakeFiles/cmTC_f7936.dir/src.cxx.o' failed
make[1]: *** [CMakeFiles/cmTC_f7936.dir/src.cxx.o] Error 1
make[1]: Leaving directory '/home/parallels/WORK/ASVK4/FunctionsTask/build/CMakeFiles/CMakeTmp'
Makefile:126: recipe for target 'cmTC_f7936/fast' failed
make: *** [cmTC_f7936/fast] Error 2

Source file was:
int main() { return 0; }
Performing C++ SOURCE FILE Test flag_supported failed with the following output:
Change Dir: /home/parallels/WORK/ASVK4/FunctionsTask/build/CMakeFiles/CMakeTmp

Run Build Command:"/usr/bin/make" "cmTC_e5b0f/fast"
/usr/bin/make -f CMakeFiles/cmTC_e5b0f.dir/build.make CMakeFiles/cmTC_e5b0f.dir/build
make[1]: Entering directory '/home/parallels/WORK/ASVK4/FunctionsTask/build/CMakeFiles/CMakeTmp'
Building CXX object CMakeFiles/cmTC_e5b0f.dir/src.cxx.o
/usr/bin/c++    -Wall -std=c++17 -pthread -O3 -Dflag_supported   -Wno-error=deprecated-copy -std=gnu++1z -o CMakeFiles/cmTC_e5b0f.dir/src.cxx.o -c /home/parallels/WORK/ASVK4/FunctionsTask/build/CMakeFiles/CMakeTmp/src.cxx
cc1plus: error: -Werror=deprecated-copy: no option -Wdeprecated-copy
CMakeFiles/cmTC_e5b0f.dir/build.make:65: recipe for target 'CMakeFiles/cmTC_e5b0f.dir/src.cxx.o' failed
make[1]: *** [CMakeFiles/cmTC_e5b0f.dir/src.cxx.o] Error 1
make[1]: Leaving directory '/home/parallels/WORK/ASVK4/FunctionsTask/build/CMakeFiles/CMakeTmp'
Makefile:126: recipe for target 'cmTC_e5b0f/fast' failed
make: *** [cmTC_e5b0f/fast] Error 2

Source file was:
int main() { return 0; }
Performing C++ SOURCE FILE Test flag_supported failed with the following output:
Change Dir: /home/parallels/WORK/ASVK4/FunctionsTask/build/CMakeFiles/CMakeTmp

Run Build Command:"/usr/bin/make" "cmTC_8b764/fast"
/usr/bin/make -f CMakeFiles/cmTC_8b764.dir/build.make CMakeFiles/cmTC_8b764.dir/build
make[1]: Entering directory '/home/parallels/WORK/ASVK4/FunctionsTask/build/CMakeFiles/CMakeTmp'
Building CXX object CMakeFiles/cmTC_8b764.dir/src.cxx.o
/usr/bin/c++    -Wall -std=c++17 -pthread -O3 -Dflag_supported   -Wno-error=deprecated-copy -std=gnu++1z -o CMakeFiles/cmTC_8b764.dir/src.cxx.o -c /home/parallels/WORK/ASVK4/FunctionsTask/build/CMakeFiles/CMakeTmp/src.cxx
cc1plus: error: -Werror=deprecated-copy: no option -Wdeprecated-copy
CMakeFiles/cmTC_8b764.dir/build.make:65: recipe for target 'CMakeFiles/cmTC_8b764.dir/src.cxx.o' failed
make[1]: *** [CMakeFiles/cmTC_8b764.dir/src.cxx.o] Error 1
make[1]: Leaving directory '/home/parallels/WORK/ASVK4/FunctionsTask/build/CMakeFiles/CMakeTmp'
Makefile:126: recipe for target 'cmTC_8b764/fast' failed
make: *** [cmTC_8b764/fast] Error 2

Source file was:
int main() { return 0; }
Performing C++ SOURCE FILE Test flag_supported failed with the following output:
Change Dir: /home/parallels/WORK/ASVK4/FunctionsTask/build/CMakeFiles/CMakeTmp

Run Build Command:"/usr/bin/make" "cmTC_c1249/fast"
/usr/bin/make -f CMakeFiles/cmTC_c1249.dir/build.make CMakeFiles/cmTC_c1249.dir/build
make[1]: Entering directory '/home/parallels/WORK/ASVK4/FunctionsTask/build/CMakeFiles/CMakeTmp'
Building CXX object CMakeFiles/cmTC_c1249.dir/src.cxx.o
/usr/bin/c++    -Wall -std=c++17 -pthread -O3 -Dflag_supported   -Wno-error=deprecated-copy -std=gnu++1z -o CMakeFiles/cmTC_c1249.dir/src.cxx.o -c /home/parallels/WORK/ASVK4/FunctionsTask/build/CMakeFiles/CMakeTmp/src.cxx
cc1plus: error: -Werror=deprecated-copy: no option -Wdeprecated-copy
CMakeFiles/cmTC_c1249.dir/build.make:65: recipe for target 'CMakeFiles/cmTC_c1249.dir/src.cxx.o' failed
make[1]: *** [CMakeFiles/cmTC_c1249.dir/src.cxx.o] Error 1
make[1]: Leaving directory '/home/parallels/WORK/ASVK4/FunctionsTask/build/CMakeFiles/CMakeTmp'
Makefile:126: recipe for target 'cmTC_c1249/fast' failed
make: *** [cmTC_c1249/fast] Error 2

Source file was:
int main() { return 0; }
Performing C++ SOURCE FILE Test flag_supported failed with the following output:
Change Dir: /home/parallels/WORK/ASVK4/FunctionsTask/build/CMakeFiles/CMakeTmp

Run Build Command:"/usr/bin/make" "cmTC_a0dbd/fast"
/usr/bin/make -f CMakeFiles/cmTC_a0dbd.dir/build.make CMakeFiles/cmTC_a0dbd.dir/build
make[1]: Entering directory '/home/parallels/WORK/ASVK4/FunctionsTask/build/CMakeFiles/CMakeTmp'
Building CXX object CMakeFiles/cmTC_a0dbd.dir/src.cxx.o
/usr/bin/c++    -Wall -std=c++17 -pthread -O3 -Dflag_supported   -Wno-error=deprecated-copy -std=gnu++1z -o CMakeFiles/cmTC_a0dbd.dir/src.cxx.o -c /home/parallels/WORK/ASVK4/FunctionsTask/build/CMakeFiles/CMakeTmp/src.cxx
cc1plus: error: -Werror=deprecated-copy: no option -Wdeprecated-copy
CMakeFiles/cmTC_a0dbd.dir/build.make:65: recipe for target 'CMakeFiles/cmTC_a0dbd.dir/src.cxx.o' failed
make[1]: *** [CMakeFiles/cmTC_a0dbd.dir/src.cxx.o] Error 1
make[1]: Leaving directory '/home/parallels/WORK/ASVK4/FunctionsTask/build/CMakeFiles/CMakeTmp'
Makefile:126: recipe for target 'cmTC_a0dbd/fast' failed
make: *** [cmTC_a0dbd/fast] Error 2

Source file was:
int main() { return 0; }
Performing C++ SOURCE FILE Test flag_supported failed with the following output:
Change Dir: /home/parallels/WORK/ASVK4/FunctionsTask/build/CMakeFiles/CMakeTmp

Run Build Command:"/usr/bin/make" "cmTC_08516/fast"
/usr/bin/make -f CMakeFiles/cmTC_08516.dir/build.make CMakeFiles/cmTC_08516.dir/build
make[1]: Entering directory '/home/parallels/WORK/ASVK4/FunctionsTask/build/CMakeFiles/CMakeTmp'
Building CXX object CMakeFiles/cmTC_08516.dir/src.cxx.o
/usr/bin/c++    -Wall -std=c++17 -pthread -O3 -Dflag_supported   -Wno-error=deprecated-copy -std=gnu++1z -o CMakeFiles/cmTC_08516.dir/src.cxx.o -c /home/parallels/WORK/ASVK4/FunctionsTask/build/CMakeFiles/CMakeTmp/src.cxx
cc1plus: error: -Werror=deprecated-copy: no option -Wdeprecated-copy
CMakeFiles/cmTC_08516.dir/build.make:65: recipe for target 'CMakeFiles/cmTC_08516.dir/src.cxx.o' failed
make[1]: *** [CMakeFiles/cmTC_08516.dir/src.cxx.o] Error 1
make[1]: Leaving directory '/home/parallels/WORK/ASVK4/FunctionsTask/build/CMakeFiles/CMakeTmp'
Makefile:126: recipe for target 'cmTC_08516/fast' failed
make: *** [cmTC_08516/fast] Error 2

Source file was:
int main() { return 0; }
